[11:57:19] [main/INFO]: Loading Minecraft 1.20.2 with Fabric Loader 0.15.5
[11:57:19] [main/INFO]: Loading 48 mods:
	- carpet 1.4.121+v231011
	- fabric-api 0.91.3+1.20.2
	   |-- fabric-api-base 0.4.33+fce67b32a0
	   |-- fabric-api-lookup-api-v1 1.6.42+b1792f7da0
	   |-- fabric-biome-api-v1 13.0.14+b1792f7da0
	   |-- fabric-block-api-v1 1.0.12+73761d2ea0
	   |-- fabric-block-view-api-v2 1.0.1+73761d2ea0
	   |-- fabric-blockrenderlayer-v1 1.1.43+f4b7e424a0
	   |-- fabric-client-tags-api-v1 1.1.4+86b12645a0
	   |-- fabric-command-api-v1 1.2.37+f71b366fa0
	   |-- fabric-command-api-v2 2.2.16+b1792f7da0
	   |-- fabric-commands-v0 0.2.54+df3654b3a0
	   |-- fabric-containers-v0 0.1.79+df3654b3a0
	   |-- fabric-content-registries-v0 5.0.5+b1792f7da0
	   |-- fabric-convention-tags-v1 1.5.8+b1792f7da0
	   |-- fabric-crash-report-info-v1 0.2.20+f4b7e424a0
	   |-- fabric-data-generation-api-v1 13.1.9+b1792f7da0
	   |-- fabric-dimensions-v1 2.1.57+b1792f7da0
	   |-- fabric-entity-events-v1 1.5.26+b1792f7da0
	   |-- fabric-events-interaction-v0 0.6.10+b1792f7da0
	   |-- fabric-events-lifecycle-v0 0.2.69+df3654b3a0
	   |-- fabric-game-rule-api-v1 1.0.42+a44e16a6a0
	   |-- fabric-item-api-v1 2.1.33+b1792f7da0
	   |-- fabric-item-group-api-v1 4.0.15+e3d2bf3fa0
	   |-- fabric-key-binding-api-v1 1.0.38+f4b7e424a0
	   |-- fabric-keybindings-v0 0.2.36+df3654b3a0
	   |-- fabric-lifecycle-events-v1 2.2.27+b1792f7da0
	   |-- fabric-loot-api-v2 2.1.1+3ba460fba0
	   |-- fabric-message-api-v1 6.0.2+e3d2bf3fa0
	   |-- fabric-mining-level-api-v1 2.1.55+f4b7e424a0
	   |-- fabric-model-loading-api-v1 1.0.6+b1792f7da0
	   |-- fabric-models-v0 0.4.5+9386d8a7a0
	   |-- fabric-networking-api-v1 3.1.3+b8b4f0e5a0
	   |-- fabric-object-builder-api-v1 12.1.2+2ff98d3ba0
	   |-- fabric-particles-v1 1.1.4+f4b7e424a0
	   |-- fabric-recipe-api-v1 2.0.12+52b3ebe5a0
	   |-- fabric-registry-sync-v0 4.0.10+b1792f7da0
	   |-- fabric-renderer-api-v1 3.2.1+2034447ca0
	   |-- fabric-renderer-indigo 1.5.1+2034447ca0
	   |-- fabric-renderer-registries-v1 3.2.49+df3654b3a0
	   |-- fabric-rendering-data-attachment-v1 0.3.39+73761d2ea0
	   |-- fabric-rendering-fluids-v1 3.0.30+f4b7e424a0
	   |-- fabric-rendering-v0 1.1.52+df3654b3a0
	   |-- fabric-rendering-v1 3.0.11+b1792f7da0
	   |-- fabric-resource-conditions-api-v1 2.3.11+239dafd8a0
	   |-- fabric-resource-loader-v0 0.11.12+b1792f7da0
	   |-- fabric-screen-api-v1 2.0.12+b1792f7da0
	   |-- fabric-screen-handler-api-v1 1.3.45+b1792f7da0
	   |-- fabric-sound-api-v1 1.0.14+f4b7e424a0
	   |-- fabric-transfer-api-v1 3.3.12+4944b5a5a0
	   \-- fabric-transitive-access-wideners-v1 5.0.3+fce67b32a0
	- fabricloader 0.15.5
	   \-- mixinextras 0.3.2
	- java 17
	- lithium 0.12.0
	- minecraft 1.20.2
	- player_roles 1.6.7
	   |-- more_codecs 0.3.3+1.20.2
	   \-- player_roles_api 1.6.7
	- skinrestorer 1.2.4+1.20.2
	- worldedit 7.2.17+6544-56d0383
[11:57:19] [main/INFO]: SpongePowered MIXIN Subsystem Version=0.8.5 Source=file:/C:/Users/Mr.%20Monster/Desktop/Among-Us-Command-blocks/1.20.2%20fabric%20server/libraries/net/fabricmc/sponge-mixin/0.12.5+mixin.0.8.5/sponge-mixin-0.12.5+mixin.0.8.5.jar Service=Knot/Fabric Env=SERVER
[11:57:19] [main/INFO]: Compatibility level set to JAVA_17
[11:57:20] [main/INFO]: Loaded configuration file for Lithium: 125 options available, 1 override(s) found
[11:57:20] [main/WARN]: Force-enabling mixin 'block.hopper.worldedit_compat.WorldChunkMixin' as rule 'mixin.block.hopper.worldedit_compat' (added by mods [lithium-fabric]) enables it
[11:57:20] [main/WARN]: [carpet] detected, disabling UPDATE mixin com.sk89q.worldedit.fabric.mixin.MixinLevelChunkSetBlockHook
[11:57:20] [main/INFO]: Initializing MixinExtras via com.llamalad7.mixinextras.service.MixinExtrasServiceImpl(version=0.3.2).
[11:57:31] [main/INFO]: Got request to register class com.sk89q.worldedit.fabric.FabricPlatform with WorldEdit [com.sk89q.worldedit.extension.platform.PlatformManager@7b0eff2]
[11:57:31] [main/INFO]: WorldEdit for Fabric (version 7.2.17+6544-56d0383) is loaded
[11:57:32] [main/INFO]: Environment: Environment[accountsHost=https://api.mojang.com, sessionHost=https://sessionserver.mojang.com, servicesHost=https://api.minecraftservices.com, name=PROD]
[11:57:33] [main/INFO]: Registering commands with com.sk89q.worldedit.fabric.FabricPlatform
[11:57:34] [main/INFO]: Loaded 7 recipes
[11:57:34] [main/INFO]: Loaded 1272 advancements
[11:57:34] [main/INFO]: Applied 0 biome modifications to 0 of 64 new biomes in 2.008 ms
[11:57:35] [Server thread/INFO]: Starting minecraft server version 1.20.2
[11:57:35] [Server thread/INFO]: Loading properties
[11:57:35] [Server thread/INFO]: Default game type: ADVENTURE
[11:57:35] [Server thread/INFO]: Generating keypair
[11:57:35] [Server console handler/ERROR]: Exception handling console input
java.io.IOException: The handle is invalid
	at java.io.FileInputStream.readBytes(Native Method) ~[?:?]
	at java.io.FileInputStream.read(FileInputStream.java:276) ~[?:?]
	at java.io.BufferedInputStream.read1(BufferedInputStream.java:282) ~[?:?]
	at java.io.BufferedInputStream.read(BufferedInputStream.java:343) ~[?:?]
	at sun.nio.cs.StreamDecoder.readBytes(StreamDecoder.java:270) ~[?:?]
	at sun.nio.cs.StreamDecoder.implRead(StreamDecoder.java:313) ~[?:?]
	at sun.nio.cs.StreamDecoder.read(StreamDecoder.java:188) ~[?:?]
	at java.io.InputStreamReader.read(InputStreamReader.java:177) ~[?:?]
	at java.io.BufferedReader.fill(BufferedReader.java:162) ~[?:?]
	at java.io.BufferedReader.readLine(BufferedReader.java:329) ~[?:?]
	at java.io.BufferedReader.readLine(BufferedReader.java:396) ~[?:?]
	at net.minecraft.class_3176$1.run(class_3176.java:89) ~[server-intermediary.jar:?]
[11:57:35] [Server thread/INFO]: Starting Minecraft server on *:25565
[11:57:35] [Server thread/INFO]: Using default channel type
[11:57:35] [Server thread/INFO]: Preparing level "Among Us Command Blocks"
[11:57:35] [Server thread/INFO]: [CM] Loaded 1 settings from carpet.conf
[11:57:36] [Server thread/INFO]: Preparing start region for dimension minecraft:overworld
[11:57:38] [Worker-Main-6/INFO]: Preparing spawn area: 0%
[11:57:38] [Worker-Main-7/INFO]: Preparing spawn area: 0%
[11:57:38] [Worker-Main-6/INFO]: Preparing spawn area: 0%
[11:57:38] [Worker-Main-6/INFO]: Preparing spawn area: 0%
[11:57:38] [Worker-Main-10/INFO]: Preparing spawn area: 0%
[11:57:38] [Worker-Main-8/INFO]: Preparing spawn area: 38%
[11:57:39] [Server thread/INFO]: Time elapsed: 2735 ms
[11:57:39] [Server thread/INFO]: Done (3.264s)! For help, type "help"
[11:57:54] [User Authenticator #1/INFO]: UUID of player Techyte is 58ac8f4a-7896-47c6-b742-fc451378e82f
[11:57:55] [Server thread/INFO]: Techyte[/127.0.0.1:57611] logged in with entity id 34 at (-144.66800692029324, 8.0, -45.03801575346479)
[11:57:55] [Server thread/INFO]: Techyte joined the game
[11:57:59] [Server thread/INFO]: [Techyte: Set own game mode to Spectator Mode]
[11:58:09] [Server thread/INFO]: [Techyte: Set own game mode to Adventure Mode]
[11:58:12] [Server thread/INFO]: [Techyte: Set own game mode to Creative Mode]
[12:00:05] [Server thread/INFO]: [Techyte: Set own game mode to Adventure Mode]
[12:00:06] [Server thread/INFO]: [Techyte: Set own game mode to Creative Mode]
[12:00:06] [Server thread/INFO]: [Techyte: Set own game mode to Spectator Mode]
[12:00:10] [Server thread/INFO]: [Techyte: Set own game mode to Creative Mode]
[12:00:21] [Server thread/INFO]: [Techyte: Changed the block at -98, -4, -32]
[12:00:22] [Server thread/INFO]: [Techyte: Changed the block at -98, -3, -32]
[12:00:23] [Server thread/INFO]: [Techyte: Changed the block at -99, -3, -33]
[12:00:25] [Server thread/INFO]: [Techyte: Changed the block at -100, -3, -34]
[12:00:26] [Server thread/INFO]: [Techyte: Changed the block at -101, -3, -35]
[12:00:27] [Server thread/INFO]: [Techyte: Changed the block at -101, -4, -35]
[12:00:28] [Server thread/INFO]: [Techyte: Changed the block at -100, -4, -34]
[12:00:30] [Server thread/INFO]: [Techyte: Changed the block at -99, -4, -33]
[12:00:33] [Server thread/INFO]: [Techyte: Set own game mode to Spectator Mode]
[12:00:34] [Server thread/INFO]: [Techyte: Set own game mode to Creative Mode]
[12:02:19] [Server thread/INFO]: [Techyte: Set own game mode to Spectator Mode]
[12:02:22] [Server thread/INFO]: [Techyte: Set own game mode to Creative Mode]
[12:02:43] [Server thread/INFO]: [Techyte: Set own game mode to Spectator Mode]
[12:02:46] [Server thread/INFO]: [Techyte: Set own game mode to Creative Mode]
[12:03:01] [Server thread/INFO]: [Techyte: Set own game mode to Spectator Mode]
[12:03:03] [Server thread/INFO]: [Techyte: Set own game mode to Creative Mode]
[12:03:14] [Server thread/INFO]: [Techyte: Added tag 'meetingpoint' to Armor Stand]
[12:03:16] [Server thread/INFO]: [Techyte: Added tag 'meetingpoint' to Armor Stand]
[12:03:19] [Server thread/INFO]: [Techyte: Added tag 'meetingpoint' to Armor Stand]
[12:03:21] [Server thread/INFO]: [Techyte: Added tag 'meetingpoint' to Armor Stand]
[12:03:24] [Server thread/INFO]: [Techyte: Added tag 'meetingpoint' to Armor Stand]
[12:03:27] [Server thread/INFO]: [Techyte: Added tag 'meetingpoint' to Armor Stand]
[12:03:30] [Server thread/INFO]: [Techyte: Added tag 'meetingpoint' to Armor Stand]
[12:03:33] [Server thread/INFO]: [Techyte: Added tag 'meetingpoint' to Armor Stand]
[12:03:36] [Server thread/INFO]: [Techyte: Added tag 'meetingpoint' to Armor Stand]
[12:03:39] [Server thread/INFO]: [Techyte: Added tag 'meetingpoint' to Armor Stand]
[12:03:42] [Server thread/INFO]: [Techyte: Added tag 'meetingpoint' to Armor Stand]
[12:03:44] [Server thread/INFO]: [Techyte: Added tag 'meetingpoint' to Armor Stand]
[12:03:47] [Server thread/INFO]: [Techyte: Added tag 'meetingpoint' to Armor Stand]
[12:03:50] [Server thread/INFO]: [Techyte: Added tag 'meetingpoint' to Armor Stand]
[12:03:53] [Server thread/INFO]: [Techyte: Added tag 'meetingpoint' to Armor Stand]
[12:03:58] [Server thread/INFO]: Techyte lost connection: Disconnected
[12:03:58] [Server thread/INFO]: Techyte left the game
[12:04:01] [Server thread/INFO]: Stopping the server
[12:04:01] [Server thread/INFO]: Stopping server
[12:04:01] [Server thread/INFO]: Saving players
[12:04:01] [Server thread/INFO]: Saving worlds
[12:04:01] [Server thread/INFO]: Saving chunks for level 'ServerLevel[Among Us Command Blocks]'/minecraft:overworld
[12:04:01] [Server thread/INFO]: Saving chunks for level 'ServerLevel[Among Us Command Blocks]'/minecraft:the_nether
[12:04:01] [Server thread/INFO]: Saving chunks for level 'ServerLevel[Among Us Command Blocks]'/minecraft:the_end
[12:04:01] [Server thread/INFO]: ThreadedAnvilChunkStorage (Among Us Command Blocks): All chunks are saved
[12:04:01] [Server thread/INFO]: ThreadedAnvilChunkStorage (DIM-1): All chunks are saved
[12:04:01] [Server thread/INFO]: ThreadedAnvilChunkStorage (DIM1): All chunks are saved
[12:04:01] [Server thread/INFO]: ThreadedAnvilChunkStorage: All dimensions are saved
